<?xml version="1.0" encoding="UTF-8"?>
<!-- Generated by org.testng.reporters.JUnitXMLReporter -->
<testsuite hostname="PGFY851" ignored="1" name="Default test" tests="2" failures="0" timestamp="03 Jul 2018 07:38:08 GMT" time="118.11" errors="0">
  <testcase name="validateclickOnEditDetails" time="27.227" classname="com.jms.qa.testcases.CalendarPageTest"/>
  <testcase name="validateclickOnEditDetails" time="27.308" classname="com.jms.qa.testcases.CalendarPageTest"/>
  <testcase name="verifyCreateEventLabelTest" time="0.0" classname="com.jms.qa.testcases.CalendarPageTest">
    <ignored/>
  </testcase> <!-- verifyCreateEventLabelTest -->
</testsuite> <!-- Default test -->
