<?xml version="1.0" encoding="UTF-8"?>
<testng-results skipped="0" failed="0" ignored="0" total="1" passed="1">
  <reporter-output>
  </reporter-output>
  <suite name="Default suite" duration-ms="195544" started-at="2018-07-23T09:47:31Z" finished-at="2018-07-23T09:50:46Z">
    <groups>
    </groups>
    <test name="Default test" duration-ms="195544" started-at="2018-07-23T09:47:31Z" finished-at="2018-07-23T09:50:46Z">
      <class name="com.jms.qa.testcases.EventsDetailsTest">
        <test-method status="PASS" signature="setUp()[pri:0, instance:com.jms.qa.testcases.EventsDetailsTest@204f30ec]" name="setUp" is-config="true" duration-ms="39291" started-at="2018-07-23T09:47:31Z" finished-at="2018-07-23T09:48:10Z">
          <reporter-output>
          </reporter-output>
        </test-method> <!-- setUp -->
        <test-method status="PASS" signature="moveJurorsToPanelTest()[pri:1, instance:com.jms.qa.testcases.EventsDetailsTest@204f30ec]" name="moveJurorsToPanelTest" duration-ms="155309" started-at="2018-07-23T09:48:10Z" finished-at="2018-07-23T09:50:45Z">
          <reporter-output>
          </reporter-output>
        </test-method> <!-- moveJurorsToPanelTest -->
        <test-method status="PASS" signature="tearDown()[pri:0, instance:com.jms.qa.testcases.EventsDetailsTest@204f30ec]" name="tearDown" is-config="true" duration-ms="909" started-at="2018-07-23T09:50:45Z" finished-at="2018-07-23T09:50:46Z">
          <reporter-output>
          </reporter-output>
        </test-method> <!-- tearDown -->
      </class> <!-- com.jms.qa.testcases.EventsDetailsTest -->
    </test> <!-- Default test -->
  </suite> <!-- Default suite -->
</testng-results>
