<?xml version="1.0" encoding="UTF-8"?>
<testng-results skipped="0" failed="0" ignored="1" total="3" passed="2">
  <reporter-output>
  </reporter-output>
  <suite name="Default suite" duration-ms="118110" started-at="2018-07-03T07:36:10Z" finished-at="2018-07-03T07:38:08Z">
    <groups>
    </groups>
    <test name="Default test" duration-ms="118110" started-at="2018-07-03T07:36:10Z" finished-at="2018-07-03T07:38:08Z">
      <class name="com.jms.qa.testcases.CalendarPageTest">
        <test-method status="PASS" signature="setUp()[pri:0, instance:com.jms.qa.testcases.CalendarPageTest@464bee09]" name="setUp" is-config="true" duration-ms="33297" started-at="2018-07-03T07:36:11Z" finished-at="2018-07-03T07:36:44Z">
          <reporter-output>
          </reporter-output>
        </test-method> <!-- setUp -->
        <test-method status="PASS" signature="validateclickOnEditDetails(java.lang.String, java.lang.String, java.lang.String, java.lang.String, java.lang.String, java.lang.String, java.lang.String, java.lang.String)[pri:2, instance:com.jms.qa.testcases.CalendarPageTest@464bee09]" name="validateclickOnEditDetails" duration-ms="27227" started-at="2018-07-03T07:36:44Z" data-provider="getJMSTestData" finished-at="2018-07-03T07:37:11Z">
          <params>
            <param index="0">
              <value>
                <![CDATA[AutoCreate Event1]]>
              </value>
            </param>
            <param index="1">
              <value>
                <![CDATA[10/22/2025]]>
              </value>
            </param>
            <param index="2">
              <value>
                <![CDATA[0800AM]]>
              </value>
            </param>
            <param index="3">
              <value>
                <![CDATA[1000AM]]>
              </value>
            </param>
            <param index="4">
              <value>
                <![CDATA[Jurado]]>
              </value>
            </param>
            <param index="5">
              <value>
                <![CDATA[12345C]]>
              </value>
            </param>
            <param index="6">
              <value>
                <![CDATA[CTRM]]>
              </value>
            </param>
            <param index="7">
              <value>
                <![CDATA[Sharath]]>
              </value>
            </param>
          </params>
          <reporter-output>
          </reporter-output>
        </test-method> <!-- validateclickOnEditDetails -->
        <test-method status="PASS" signature="tearDown()[pri:0, instance:com.jms.qa.testcases.CalendarPageTest@464bee09]" name="tearDown" is-config="true" duration-ms="790" started-at="2018-07-03T07:37:11Z" finished-at="2018-07-03T07:37:12Z">
          <reporter-output>
          </reporter-output>
        </test-method> <!-- tearDown -->
        <test-method status="PASS" signature="setUp()[pri:0, instance:com.jms.qa.testcases.CalendarPageTest@464bee09]" name="setUp" is-config="true" duration-ms="28091" started-at="2018-07-03T07:37:12Z" finished-at="2018-07-03T07:37:40Z">
          <reporter-output>
          </reporter-output>
        </test-method> <!-- setUp -->
        <test-method status="PASS" signature="validateclickOnEditDetails(java.lang.String, java.lang.String, java.lang.String, java.lang.String, java.lang.String, java.lang.String, java.lang.String, java.lang.String)[pri:2, instance:com.jms.qa.testcases.CalendarPageTest@464bee09]" name="validateclickOnEditDetails" duration-ms="27308" started-at="2018-07-03T07:37:40Z" data-provider="getJMSTestData" finished-at="2018-07-03T07:38:07Z">
          <params>
            <param index="0">
              <value>
                <![CDATA[AutoCreate Event2]]>
              </value>
            </param>
            <param index="1">
              <value>
                <![CDATA[10/23/2025]]>
              </value>
            </param>
            <param index="2">
              <value>
                <![CDATA[0800AM]]>
              </value>
            </param>
            <param index="3">
              <value>
                <![CDATA[1000AM]]>
              </value>
            </param>
            <param index="4">
              <value>
                <![CDATA[Jurado]]>
              </value>
            </param>
            <param index="5">
              <value>
                <![CDATA[12345B]]>
              </value>
            </param>
            <param index="6">
              <value>
                <![CDATA[CTRM]]>
              </value>
            </param>
            <param index="7">
              <value>
                <![CDATA[Rohith]]>
              </value>
            </param>
          </params>
          <reporter-output>
          </reporter-output>
        </test-method> <!-- validateclickOnEditDetails -->
        <test-method status="PASS" signature="tearDown()[pri:0, instance:com.jms.qa.testcases.CalendarPageTest@464bee09]" name="tearDown" is-config="true" duration-ms="765" started-at="2018-07-03T07:38:07Z" finished-at="2018-07-03T07:38:08Z">
          <reporter-output>
          </reporter-output>
        </test-method> <!-- tearDown -->
      </class> <!-- com.jms.qa.testcases.CalendarPageTest -->
    </test> <!-- Default test -->
  </suite> <!-- Default suite -->
</testng-results>
